android/freshchat_sdk/freshchat_sdk/build/outputs/logs/manifest-merger-debug-report.txt
-- Merging decision tree log ---
manifest
ADDED from src/main/AndroidManifest.xml:1:1-80:12
INJECTED from src/main/AndroidManifest.xml:1:1-80:12
INJECTED from src/main/AndroidManifest.xml:1:1-80:12
INJECTED from src/main/AndroidManifest.xml:1:1-80:12
INJECTED from src/main/AndroidManifest.xml:1:1-80:12
INJECTED from src/main/AndroidManifest.xml:1:1-80:12
INJECTED from src/main/AndroidManifest.xml:1:1-80:12
	package
		ADDED from src/main/AndroidManifest.xml:2:5-41
		INJECTED from src/main/AndroidManifest.xml
		INJECTED from src/main/AndroidManifest.xml
	android:versionName
		ADDED from src/main/AndroidManifest.xml:5:5-30
		INJECTED from src/main/AndroidManifest.xml
		INJECTED from src/main/AndroidManifest.xml
	xmlns:android
		ADDED from src/main/AndroidManifest.xml:3:5-63
	android:versionCode
		ADDED from src/main/AndroidManifest.xml:4:5-28
		INJECTED from src/main/AndroidManifest.xml
		INJECTED from src/main/AndroidManifest.xml
uses-permission#android.permission.INTERNET
ADDED from src/main/AndroidManifest.xml:8:5-67
	android:name
		ADDED from src/main/AndroidManifest.xml:8:22-64
uses-permission#android.permission.ACCESS_NETWORK_STATE
ADDED from src/main/AndroidManifest.xml:9:5-79
	android:name
		ADDED from src/main/AndroidManifest.xml:9:22-76
uses-sdk
ADDED from src/main/AndroidManifest.xml:19:5-44
INJECTED from src/main/AndroidManifest.xml:19:5-44
INJECTED from src/main/AndroidManifest.xml:19:5-44
INJECTED from src/main/AndroidManifest.xml:19:5-44
INJECTED from src/main/AndroidManifest.xml:19:5-44
	android:targetSdkVersion
		INJECTED from src/main/AndroidManifest.xml
		ADDED from src/main/AndroidManifest.xml:19:5-44
		INJECTED from src/main/AndroidManifest.xml
	android:minSdkVersion
		ADDED from src/main/AndroidManifest.xml:19:15-41
		INJECTED from src/main/AndroidManifest.xml
		INJECTED from src/main/AndroidManifest.xml
application
ADDED from src/main/AndroidManifest.xml:21:5-78:19
activity#com.freshchat.consumer.sdk.activity.ChannelListActivity
ADDED from src/main/AndroidManifest.xml:23:9-25:68
	android:theme
		ADDED from src/main/AndroidManifest.xml:25:13-65
	android:name
		ADDED from src/main/AndroidManifest.xml:24:13-83
activity#com.freshchat.consumer.sdk.activity.ConversationDetailActivity
ADDED from src/main/AndroidManifest.xml:27:9-31:57
	android:windowSoftInputMode
		ADDED from src/main/AndroidManifest.xml:31:13-54
	android:configChanges
		ADDED from src/main/AndroidManifest.xml:29:13-59
	android:theme
		ADDED from src/main/AndroidManifest.xml:30:13-65
	android:name
		ADDED from src/main/AndroidManifest.xml:28:13-90
activity#com.freshchat.consumer.sdk.activity.DeeplinkInterstitialActivity
ADDED from src/main/AndroidManifest.xml:33:9-36:68
	android:screenOrientation
		ADDED from src/main/AndroidManifest.xml:35:13-49
	android:theme
		ADDED from src/main/AndroidManifest.xml:36:13-65
	android:name
		ADDED from src/main/AndroidManifest.xml:34:13-92
activity#com.freshchat.consumer.sdk.activity.PictureAttachmentActivity
ADDED from src/main/AndroidManifest.xml:38:9-42:68
	android:windowSoftInputMode
		ADDED from src/main/AndroidManifest.xml:41:13-55
	android:configChanges
		ADDED from src/main/AndroidManifest.xml:40:13-59
	android:theme
		ADDED from src/main/AndroidManifest.xml:42:13-65
	android:name
		ADDED from src/main/AndroidManifest.xml:39:13-89
activity#com.freshchat.consumer.sdk.activity.CategoryListActivity
ADDED from src/main/AndroidManifest.xml:44:9-46:68
	android:theme
		ADDED from src/main/AndroidManifest.xml:46:13-65
	android:name
		ADDED from src/main/AndroidManifest.xml:45:13-84
activity#com.freshchat.consumer.sdk.activity.ArticleListActivity
ADDED from src/main/AndroidManifest.xml:48:9-51:68
	android:windowSoftInputMode
		ADDED from src/main/AndroidManifest.xml:50:13-55
	android:theme
		ADDED from src/main/AndroidManifest.xml:51:13-65
	android:name
		ADDED from src/main/AndroidManifest.xml:49:13-83
activity#com.freshchat.consumer.sdk.activity.ArticleDetailActivity
ADDED from src/main/AndroidManifest.xml:53:9-55:68
	android:theme
		ADDED from src/main/AndroidManifest.xml:55:13-65
	android:name
		ADDED from src/main/AndroidManifest.xml:54:13-85
activity#com.freshchat.consumer.sdk.activity.InterstitialActivity
ADDED from src/main/AndroidManifest.xml:57:9-60:54
	android:configChanges
		ADDED from src/main/AndroidManifest.xml:59:13-59
	android:theme
		ADDED from src/main/AndroidManifest.xml:60:13-51
	android:name
		ADDED from src/main/AndroidManifest.xml:58:13-84
service#com.freshchat.consumer.sdk.service.FreshchatService
ADDED from src/main/AndroidManifest.xml:62:9-87
	android:name
		ADDED from src/main/AndroidManifest.xml:62:18-84
receiver#com.freshchat.consumer.sdk.receiver.FreshchatReceiver
ADDED from src/main/AndroidManifest.xml:64:9-70:20
	android:name
		ADDED from src/main/AndroidManifest.xml:64:19-87
intent-filter#action:name:android.intent.action.BOOT_COMPLETED+action:name:android.intent.action.LOCALE_CHANGED+action:name:android.intent.action.MY_PACKAGE_REPLACED
ADDED from src/main/AndroidManifest.xml:65:13-69:29
action#android.intent.action.BOOT_COMPLETED
ADDED from src/main/AndroidManifest.xml:66:17-79
	android:name
		ADDED from src/main/AndroidManifest.xml:66:25-76
action#android.intent.action.LOCALE_CHANGED
ADDED from src/main/AndroidManifest.xml:67:17-79
	android:name
		ADDED from src/main/AndroidManifest.xml:67:25-76
action#android.intent.action.MY_PACKAGE_REPLACED
ADDED from src/main/AndroidManifest.xml:68:17-84
	android:name
		ADDED from src/main/AndroidManifest.xml:68:25-81
receiver#com.freshchat.consumer.sdk.receiver.FreshchatNetworkChangeReceiver
ADDED from src/main/AndroidManifest.xml:72:9-76:20
	android:name
		ADDED from src/main/AndroidManifest.xml:72:19-100
intent-filter#action:name:android.net.conn.CONNECTIVITY_CHANGE
ADDED from src/main/AndroidManifest.xml:73:13-75:29
action#android.net.conn.CONNECTIVITY_CHANGE
ADDED from src/main/AndroidManifest.xml:74:17-79
	android:name
		ADDED from src/main/AndroidManifest.xml:74:25-76